{"level":"info","message":"GET /api/v1/auth?id=1","service":"micro","timestamp":"2023-04-24 16:49:43"}
{"level":"info","message":"GET /api/v1/auth?id=1","service":"micro","timestamp":"2023-04-24 16:50:15"}
{"level":"info","message":"GET /api/v1/auth?id=1","service":"micro","timestamp":"2023-04-24 16:51:40"}
{"level":"info","message":"GET /api/v1/auth?id=1","service":"micro","timestamp":"2023-04-24 16:52:25"}
{"level":"info","message":"GET /api/v1/auth?id=1","service":"micro","timestamp":"2023-04-24 16:52:53"}
{"level":"info","message":"GET /api/v1/auth?id=1","service":"micro","timestamp":"2023-04-24 16:55:26"}
{"level":"info","message":"GET /api/v1/auth?id=1","service":"micro","timestamp":"2023-04-24 16:56:09"}
{"level":"info","message":"GET /api/v1/auth?id=1","service":"micro","timestamp":"2023-04-24 16:57:45"}
{"level":"info","message":"GET /api/v1/auth?id=1","service":"micro","timestamp":"2023-04-24 16:58:42"}
{"level":"info","message":"GET /api/v1/auth?id=1","service":"micro","timestamp":"2023-04-24 16:59:00"}
{"level":"info","message":"GET /api/v1/auth1?id=1","service":"micro","timestamp":"2023-04-24 16:59:27"}
{"level":"info","message":"GET /api/v1/auth/reset?id=1","service":"micro","timestamp":"2023-04-24 17:00:05"}
{"level":"info","message":"GET /api/v1/auth/test?id=1","service":"micro","timestamp":"2023-04-24 17:00:14"}
{"level":"info","message":"POST /api/v1/private/user","service":"micro","timestamp":"2023-04-26 13:49:26"}
{"level":"info","message":"GET /api/v1/private/user","service":"micro","timestamp":"2023-04-26 13:50:12"}
{"level":"info","message":"GET /api/v1/private/user","service":"micro","timestamp":"2023-04-26 13:50:14"}
{"level":"info","message":"GET /api/v1/private/user","service":"micro","timestamp":"2023-04-26 13:50:15"}
{"level":"info","message":"GET /api/v1/private","service":"micro","timestamp":"2023-04-26 13:51:21"}
{"level":"info","message":"GET /api/v1/private/","service":"micro","timestamp":"2023-04-26 13:52:14"}
{"level":"info","message":"GET /api/v1/user","service":"micro","timestamp":"2023-04-26 13:52:46"}
{"level":"info","message":"GET /api/v1/user","service":"micro","timestamp":"2023-04-26 13:52:48"}
{"level":"info","message":"GET /api/v1/user","service":"micro","timestamp":"2023-04-26 13:53:52"}
{"level":"info","message":"GET /api/v1/private","service":"micro","timestamp":"2023-04-26 13:53:58"}
{"level":"info","message":"GET /api/v1/private","service":"micro","timestamp":"2023-04-26 13:54:00"}
{"level":"info","message":"GET /api/v1/private","service":"micro","timestamp":"2023-04-26 13:54:00"}
{"level":"info","message":"GET /api/v1/private","service":"micro","timestamp":"2023-04-26 13:54:00"}
{"level":"info","message":"GET /api/v1/private","service":"micro","timestamp":"2023-04-26 13:54:23"}
{"level":"info","message":"GET /api/v1/private","service":"micro","timestamp":"2023-04-26 13:54:24"}
{"level":"info","message":"GET /api/v1/private","service":"micro","timestamp":"2023-04-26 13:54:27"}
{"level":"info","message":"GET /api/v1/private/user","service":"micro","timestamp":"2023-04-26 13:56:20"}
{"level":"info","message":"GET /api/v1/private/user","service":"micro","timestamp":"2023-04-26 13:56:21"}
{"level":"info","message":"GET /api/v1/private/user","service":"micro","timestamp":"2023-04-26 13:56:22"}
{"level":"info","message":"GET /api/v1/private/user","service":"micro","timestamp":"2023-04-26 13:56:22"}
{"level":"info","message":"GET /api/v1/private/user","service":"micro","timestamp":"2023-04-26 13:56:23"}
{"level":"info","message":"GET /api/v1/private/user","service":"micro","timestamp":"2023-04-26 13:56:23"}
{"level":"info","message":"GET /api/v1/private/user","service":"micro","timestamp":"2023-04-26 13:56:23"}
{"level":"info","message":"GET /api/v1/private/user","service":"micro","timestamp":"2023-04-26 13:56:24"}
{"level":"info","message":"GET /api/v1/private/user","service":"micro","timestamp":"2023-04-26 13:56:24"}
{"level":"info","message":"GET /api/v1/private/user","service":"micro","timestamp":"2023-04-26 13:56:24"}
{"level":"info","message":"GET /api/v1/private/user","service":"micro","timestamp":"2023-04-26 13:56:24"}
{"level":"info","message":"GET /api/v1/private/user","service":"micro","timestamp":"2023-04-26 13:56:24"}
{"level":"info","message":"GET /api/v1/private/user","service":"micro","timestamp":"2023-04-26 13:56:45"}
{"level":"info","message":"GET /api/v1/private/user","service":"micro","timestamp":"2023-04-26 14:00:36"}
{"level":"info","message":"GET /api/v1/private/user","service":"micro","timestamp":"2023-04-26 14:01:36"}
{"level":"info","message":"GET /api/v1/private/user","service":"micro","timestamp":"2023-04-26 14:02:00"}
{"level":"info","message":"GET /api/v1/private/user","service":"micro","timestamp":"2023-04-26 14:02:36"}
{"level":"info","message":"GET /api/v1/private/user","service":"micro","timestamp":"2023-04-26 14:03:44"}
{"level":"info","message":"GET /api/v1/private/auth","service":"micro","timestamp":"2023-04-26 14:03:54"}
{"level":"info","message":"GET /api/v1/private/auth","service":"micro","timestamp":"2023-04-26 14:04:09"}
{"level":"info","message":"GET /api/v1/private/user","service":"micro","timestamp":"2023-04-26 14:04:34"}
{"level":"info","message":"GET /api/v1/private/user","service":"micro","timestamp":"2023-04-26 14:04:49"}
{"level":"info","message":"GET /api/v1/private/auth","service":"micro","timestamp":"2023-04-26 14:05:09"}
{"level":"info","message":"GET /api/v1/private/auth","service":"micro","timestamp":"2023-04-26 14:06:33"}
{"level":"info","message":"GET /api/v1/private/auth","service":"micro","timestamp":"2023-04-26 14:06:46"}
{"level":"info","message":"GET /api/v1/private/auth","service":"micro","timestamp":"2023-04-26 14:07:17"}
{"level":"info","message":"GET /api/v1/private/auth","service":"micro","timestamp":"2023-04-26 14:07:31"}
{"level":"info","message":"GET /api/v1/private/auth","service":"micro","timestamp":"2023-04-26 14:36:55"}
{"level":"info","message":"GET /api/v1/private/auth","service":"micro","timestamp":"2023-04-26 14:37:21"}
{"level":"info","message":"GET /api/v1/private/auth","service":"micro","timestamp":"2023-04-26 14:38:30"}
{"level":"info","message":"GET /api/v1/private/auth","service":"micro","timestamp":"2023-04-26 14:39:26"}
{"level":"info","message":"GET /api/v1/private/auth","service":"micro","timestamp":"2023-04-26 14:40:45"}
{"level":"error","message":"Invalid Authentication Credentials","service":"micro","stack":"Error: Invalid Authentication Credentials\n    at ErrorResponse.unauthorized (file:///D:/Brocamp/Projects/Ping/GatewayService/src/utils/handlers/ErrorResponse.js:13:14)\n    at verifyBasicAuth (file:///D:/Brocamp/Projects/Ping/GatewayService/src/middlewares/authS2S.js:17:39)\n    at process.processTicksAndRejections (node:internal/process/task_queues:95:5)","status":401,"timestamp":"2023-04-26 14:40:45"}
{"level":"info","message":"GET /api/v1/private/auth","service":"micro","timestamp":"2023-04-26 14:41:21"}
{"level":"error","message":"Error: Invalid Authentication Credentials\n    at ErrorResponse.unauthorized (file:///D:/Brocamp/Projects/Ping/GatewayService/src/utils/handlers/ErrorResponse.js:13:14)\n    at verifyBasicAuth (file:///D:/Brocamp/Projects/Ping/GatewayService/src/middlewares/authS2S.js:17:39)\n    at process.processTicksAndRejections (node:internal/process/task_queues:95:5)","service":"micro","timestamp":"2023-04-26 14:41:21"}
