{"level":"info","message":"GET /api/v1/auth?id=1","service":"micro","timestamp":"2023-04-24 16:49:43"}
{"level":"debug","message":"This is a debug log message","service":"micro","timestamp":"2023-04-24 16:49:43"}
{"level":"info","message":"GET /api/v1/auth?id=1","service":"micro","timestamp":"2023-04-24 16:50:15"}
{"level":"debug","message":"This is a debug log message","service":"micro","timestamp":"2023-04-24 16:50:15"}
{"level":"info","message":"GET /api/v1/auth?id=1","service":"micro","timestamp":"2023-04-24 16:51:40"}
{"level":"info","message":"GET /api/v1/auth?id=1","service":"micro","timestamp":"2023-04-24 16:52:25"}
{"level":"info","message":"GET /api/v1/auth?id=1","service":"micro","timestamp":"2023-04-24 16:52:53"}
{"level":"info","message":"GET /api/v1/auth?id=1","service":"micro","timestamp":"2023-04-24 16:55:26"}
{"level":"info","message":"GET /api/v1/auth?id=1","service":"micro","timestamp":"2023-04-24 16:56:09"}
{"level":"info","message":"GET /api/v1/auth?id=1","service":"micro","timestamp":"2023-04-24 16:57:45"}
{"level":"debug","message":"This is a debug log message","service":"micro","timestamp":"2023-04-24 16:57:45"}
{"level":"info","message":"GET /api/v1/auth?id=1","service":"micro","timestamp":"2023-04-24 16:58:42"}
{"level":"debug","message":"This is a debug log message","service":"micro","timestamp":"2023-04-24 16:58:42"}
{"level":"info","message":"GET /api/v1/auth?id=1","service":"micro","timestamp":"2023-04-24 16:59:00"}
{"level":"info","message":"GET /api/v1/auth1?id=1","service":"micro","timestamp":"2023-04-24 16:59:27"}
{"level":"info","message":"GET /api/v1/auth/reset?id=1","service":"micro","timestamp":"2023-04-24 17:00:05"}
{"level":"info","message":"GET /api/v1/auth/test?id=1","service":"micro","timestamp":"2023-04-24 17:00:14"}
{"level":"debug","message":"This is a debug log message","service":"micro","timestamp":"2023-04-24 17:00:14"}
{"level":"info","message":"POST /api/v1/private/user","service":"micro","timestamp":"2023-04-26 13:49:26"}
{"level":"info","message":"GET /api/v1/private/user","service":"micro","timestamp":"2023-04-26 13:50:12"}
{"level":"info","message":"GET /api/v1/private/user","service":"micro","timestamp":"2023-04-26 13:50:14"}
{"level":"info","message":"GET /api/v1/private/user","service":"micro","timestamp":"2023-04-26 13:50:15"}
{"level":"info","message":"GET /api/v1/private","service":"micro","timestamp":"2023-04-26 13:51:21"}
{"level":"info","message":"GET /api/v1/private/","service":"micro","timestamp":"2023-04-26 13:52:14"}
{"level":"info","message":"GET /api/v1/user","service":"micro","timestamp":"2023-04-26 13:52:46"}
{"level":"info","message":"GET /api/v1/user","service":"micro","timestamp":"2023-04-26 13:52:48"}
{"level":"info","message":"GET /api/v1/user","service":"micro","timestamp":"2023-04-26 13:53:52"}
{"level":"info","message":"GET /api/v1/private","service":"micro","timestamp":"2023-04-26 13:53:58"}
{"level":"info","message":"GET /api/v1/private","service":"micro","timestamp":"2023-04-26 13:54:00"}
{"level":"info","message":"GET /api/v1/private","service":"micro","timestamp":"2023-04-26 13:54:00"}
{"level":"info","message":"GET /api/v1/private","service":"micro","timestamp":"2023-04-26 13:54:00"}
{"level":"info","message":"GET /api/v1/private","service":"micro","timestamp":"2023-04-26 13:54:23"}
{"level":"info","message":"GET /api/v1/private","service":"micro","timestamp":"2023-04-26 13:54:24"}
{"level":"info","message":"GET /api/v1/private","service":"micro","timestamp":"2023-04-26 13:54:27"}
{"level":"info","message":"GET /api/v1/private/user","service":"micro","timestamp":"2023-04-26 13:56:20"}
{"level":"info","message":"GET /api/v1/private/user","service":"micro","timestamp":"2023-04-26 13:56:21"}
{"level":"info","message":"GET /api/v1/private/user","service":"micro","timestamp":"2023-04-26 13:56:22"}
{"level":"info","message":"GET /api/v1/private/user","service":"micro","timestamp":"2023-04-26 13:56:22"}
{"level":"info","message":"GET /api/v1/private/user","service":"micro","timestamp":"2023-04-26 13:56:23"}
{"level":"info","message":"GET /api/v1/private/user","service":"micro","timestamp":"2023-04-26 13:56:23"}
{"level":"info","message":"GET /api/v1/private/user","service":"micro","timestamp":"2023-04-26 13:56:23"}
{"level":"info","message":"GET /api/v1/private/user","service":"micro","timestamp":"2023-04-26 13:56:24"}
{"level":"info","message":"GET /api/v1/private/user","service":"micro","timestamp":"2023-04-26 13:56:24"}
{"level":"info","message":"GET /api/v1/private/user","service":"micro","timestamp":"2023-04-26 13:56:24"}
{"level":"info","message":"GET /api/v1/private/user","service":"micro","timestamp":"2023-04-26 13:56:24"}
{"level":"info","message":"GET /api/v1/private/user","service":"micro","timestamp":"2023-04-26 13:56:24"}
{"level":"info","message":"GET /api/v1/private/user","service":"micro","timestamp":"2023-04-26 13:56:45"}
{"level":"info","message":"GET /api/v1/private/user","service":"micro","timestamp":"2023-04-26 14:00:36"}
{"level":"info","message":"GET /api/v1/private/user","service":"micro","timestamp":"2023-04-26 14:01:36"}
{"level":"info","message":"GET /api/v1/private/user","service":"micro","timestamp":"2023-04-26 14:02:00"}
{"level":"info","message":"GET /api/v1/private/user","service":"micro","timestamp":"2023-04-26 14:02:36"}
{"level":"info","message":"GET /api/v1/private/user","service":"micro","timestamp":"2023-04-26 14:03:44"}
{"level":"info","message":"GET /api/v1/private/auth","service":"micro","timestamp":"2023-04-26 14:03:54"}
{"level":"info","message":"GET /api/v1/private/auth","service":"micro","timestamp":"2023-04-26 14:04:09"}
{"level":"info","message":"GET /api/v1/private/user","service":"micro","timestamp":"2023-04-26 14:04:34"}
{"level":"info","message":"GET /api/v1/private/user","service":"micro","timestamp":"2023-04-26 14:04:49"}
{"level":"info","message":"GET /api/v1/private/auth","service":"micro","timestamp":"2023-04-26 14:05:09"}
{"level":"info","message":"GET /api/v1/private/auth","service":"micro","timestamp":"2023-04-26 14:06:33"}
{"level":"info","message":"GET /api/v1/private/auth","service":"micro","timestamp":"2023-04-26 14:06:46"}
{"level":"info","message":"GET /api/v1/private/auth","service":"micro","timestamp":"2023-04-26 14:07:17"}
{"level":"info","message":"GET /api/v1/private/auth","service":"micro","timestamp":"2023-04-26 14:07:31"}
{"level":"info","message":"GET /api/v1/private/auth","service":"micro","timestamp":"2023-04-26 14:36:55"}
{"level":"info","message":"GET /api/v1/private/auth","service":"micro","timestamp":"2023-04-26 14:37:21"}
{"level":"info","message":"GET /api/v1/private/auth","service":"micro","timestamp":"2023-04-26 14:38:30"}
{"level":"info","message":"GET /api/v1/private/auth","service":"micro","timestamp":"2023-04-26 14:39:26"}
{"level":"info","message":"GET /api/v1/private/auth","service":"micro","timestamp":"2023-04-26 14:40:45"}
{"level":"error","message":"Invalid Authentication Credentials","service":"micro","stack":"Error: Invalid Authentication Credentials\n    at ErrorResponse.unauthorized (file:///D:/Brocamp/Projects/Ping/GatewayService/src/utils/handlers/ErrorResponse.js:13:14)\n    at verifyBasicAuth (file:///D:/Brocamp/Projects/Ping/GatewayService/src/middlewares/authS2S.js:17:39)\n    at process.processTicksAndRejections (node:internal/process/task_queues:95:5)","status":401,"timestamp":"2023-04-26 14:40:45"}
{"level":"info","message":"GET /api/v1/private/auth","service":"micro","timestamp":"2023-04-26 14:41:21"}
{"level":"error","message":"Error: Invalid Authentication Credentials\n    at ErrorResponse.unauthorized (file:///D:/Brocamp/Projects/Ping/GatewayService/src/utils/handlers/ErrorResponse.js:13:14)\n    at verifyBasicAuth (file:///D:/Brocamp/Projects/Ping/GatewayService/src/middlewares/authS2S.js:17:39)\n    at process.processTicksAndRejections (node:internal/process/task_queues:95:5)","service":"micro","timestamp":"2023-04-26 14:41:21"}
{"level":"info","message":"GET /api/v1/private/auth","service":"micro","timestamp":"2023-04-26 15:42:18"}
{"level":"error","message":"Invalid Authentication Credentials","service":"micro","stack":"Error: Invalid Authentication Credentials\n    at ErrorResponse.unauthorized (file:///D:/Brocamp/Projects/Ping/GatewayService/src/utils/handlers/ErrorResponse.js:13:14)\n    at verifyBasicAuth (file:///D:/Brocamp/Projects/Ping/GatewayService/src/middlewares/authS2S.js:17:39)\n    at process.processTicksAndRejections (node:internal/process/task_queues:95:5)","status":401,"timestamp":"2023-04-26 15:42:18"}
{"level":"info","message":"GET /api/v1/private/auth","service":"micro","timestamp":"2023-04-26 15:42:32"}
{"level":"error","message":"Invalid Authentication Credentials","service":"micro","stack":"Error: Invalid Authentication Credentials\n    at ErrorResponse.unauthorized (file:///D:/Brocamp/Projects/Ping/GatewayService/src/utils/handlers/ErrorResponse.js:13:14)\n    at verifyBasicAuth (file:///D:/Brocamp/Projects/Ping/GatewayService/src/middlewares/authS2S.js:17:39)\n    at process.processTicksAndRejections (node:internal/process/task_queues:95:5)","status":401,"timestamp":"2023-04-26 15:42:32"}
{"level":"info","message":"POST /api/v1/auth/register","service":"micro","timestamp":"2023-04-26 19:16:21"}
{"level":"info","message":"POST /api/v1/auth/register","service":"micro","timestamp":"2023-04-26 19:16:26"}
{"level":"info","message":"POST /api/v1/auth/register","service":"micro","timestamp":"2023-04-26 19:17:06"}
{"level":"info","message":"POST /api/v1/auth/register","service":"micro","timestamp":"2023-04-26 19:19:03"}
{"level":"info","message":"POST /api/v1/auth/register","service":"micro","timestamp":"2023-04-26 19:20:57"}
{"level":"info","message":"POST /api/v1/auth/register","service":"micro","timestamp":"2023-04-26 19:29:49"}
{"level":"info","message":"POST /api/v1/auth/register","service":"micro","timestamp":"2023-04-26 19:30:27"}
{"level":"info","message":"POST /api/v1/auth/register","service":"micro","timestamp":"2023-04-26 19:31:03"}
{"level":"info","message":"POST /api/v1/auth/register","service":"micro","timestamp":"2023-04-26 19:31:17"}
{"level":"info","message":"POST /api/v1/auth/register","service":"micro","timestamp":"2023-04-26 19:32:05"}
{"level":"info","message":"POST /api/v1/auth/register","service":"micro","timestamp":"2023-04-26 19:32:30"}
{"level":"info","message":"POST /api/v1/auth/register","service":"micro","timestamp":"2023-04-26 19:33:31"}
{"level":"info","message":"POST /api/v1/auth/register","service":"micro","timestamp":"2023-04-26 19:34:22"}
{"level":"info","message":"POST /api/v1/auth/register","service":"micro","timestamp":"2023-04-26 19:34:28"}
{"level":"info","message":"POST /api/v1/auth/register","service":"micro","timestamp":"2023-04-26 19:35:13"}
{"level":"info","message":"POST /api/v1/auth/register","service":"micro","timestamp":"2023-04-26 19:35:27"}
{"level":"info","message":"POST /api/v1/auth/register","service":"micro","timestamp":"2023-04-26 19:36:17"}
{"level":"info","message":"POST /api/v1/auth/register","service":"micro","timestamp":"2023-04-26 19:37:18"}
{"level":"info","message":"POST /api/v1/auth/register","service":"micro","timestamp":"2023-04-26 19:38:40"}
{"level":"info","message":"POST /api/v1/auth/register","service":"micro","timestamp":"2023-04-26 19:39:42"}
{"level":"info","message":"POST /api/v1/auth/register","service":"micro","timestamp":"2023-04-26 19:40:20"}
{"level":"info","message":"POST /api/v1/auth/register","service":"micro","timestamp":"2023-04-26 19:40:43"}
{"level":"info","message":"POST /api/v1/auth/register","service":"micro","timestamp":"2023-04-26 19:41:46"}
{"level":"info","message":"POST /api/v1/auth/register","service":"micro","timestamp":"2023-04-26 19:42:14"}
{"level":"info","message":"POST /api/v1/auth/register","service":"micro","timestamp":"2023-04-26 19:42:50"}
{"level":"error","message":{"code":"ERR_BAD_REQUEST","config":{"adapter":["xhr","http"],"data":"{\"fullname\":\"Sample\",\"email\":\"sample237@gmail.com\",\"password\":\"Ad123sg\"}","env":{},"headers":{"Accept":"*/*","Content-Type":"application/json","accept-encoding":"gzip, deflate, br","authorization":"Basic YXV0aHVzZXJuYW06YXV0aHBhc3N3b3Jk","connection":"close","content-length":"85","host":"localhost:5000","user-agent":"Thunder Client (https://www.thunderclient.com)"},"maxBodyLength":-1,"maxContentLength":-1,"method":"post","timeout":0,"transformRequest":[null],"transformResponse":[null],"transitional":{"clarifyTimeoutError":false,"forcedJSONParsing":true,"silentJSONParsing":true},"url":"http://localhost:3000/api/v1/register","xsrfCookieName":"XSRF-TOKEN","xsrfHeaderName":"X-XSRF-TOKEN"},"message":"Request failed with status code 408","name":"AxiosError","stack":"AxiosError: Request failed with status code 408\n    at settle (file:///D:/Brocamp/Projects/Ping/GatewayService/node_modules/axios/lib/core/settle.js:19:12)\n    at IncomingMessage.handleStreamEnd (file:///D:/Brocamp/Projects/Ping/GatewayService/node_modules/axios/lib/adapters/http.js:556:11)\n    at IncomingMessage.emit (node:events:525:35)\n    at endReadableNT (node:internal/streams/readable:1359:12)\n    at process.processTicksAndRejections (node:internal/process/task_queues:82:21)","status":408},"service":"micro","stack":"Error: AxiosError: Request failed with status code 408\n    at ErrorResponse.notFound (file:///D:/Brocamp/Projects/Ping/GatewayService/src/utils/handlers/ErrorResponse.js:21:14)\n    at file:///D:/Brocamp/Projects/Ping/GatewayService/src/controller/routingS2CController.js:24:39\n    at process.processTicksAndRejections (node:internal/process/task_queues:95:5)","status":404,"timestamp":"2023-04-26 19:50:04"}
{"level":"info","message":"POST /api/v1/auth/register","service":"micro","timestamp":"2023-04-26 19:51:47"}
{"level":"info","message":"POST /api/v1/auth/register","service":"micro","timestamp":"2023-04-26 19:55:03"}
{"level":"info","message":"POST /api/v1/auth/register","service":"micro","timestamp":"2023-04-26 19:56:23"}
{"level":"error","message":{"cause":{"code":"UND_ERR_REQ_CONTENT_LENGTH_MISMATCH","message":"Request body length does not match content-length header","name":"RequestContentLengthMismatchError"}},"service":"micro","stack":"Error: TypeError: fetch failed\n    at ErrorResponse.notFound (file:///D:/Brocamp/Projects/Ping/GatewayService/src/utils/handlers/ErrorResponse.js:21:14)\n    at file:///D:/Brocamp/Projects/Ping/GatewayService/src/controller/routingS2CController.js:31:43","status":404,"timestamp":"2023-04-26 19:56:23"}
{"level":"info","message":"POST /api/v1/auth/register","service":"micro","timestamp":"2023-04-26 19:57:14"}
{"level":"error","message":{"cause":{"code":"UND_ERR_REQ_CONTENT_LENGTH_MISMATCH","message":"Request body length does not match content-length header","name":"RequestContentLengthMismatchError"}},"service":"micro","stack":"Error: TypeError: fetch failed\n    at ErrorResponse.notFound (file:///D:/Brocamp/Projects/Ping/GatewayService/src/utils/handlers/ErrorResponse.js:21:14)\n    at file:///D:/Brocamp/Projects/Ping/GatewayService/src/controller/routingS2CController.js:31:43","status":404,"timestamp":"2023-04-26 19:57:14"}
{"level":"info","message":"POST /api/v1/auth/register","service":"micro","timestamp":"2023-04-26 19:58:57"}
{"level":"error","message":{"cause":{"code":"UND_ERR_REQ_CONTENT_LENGTH_MISMATCH","message":"Request body length does not match content-length header","name":"RequestContentLengthMismatchError"}},"service":"micro","stack":"Error: TypeError: fetch failed\n    at ErrorResponse.notFound (file:///D:/Brocamp/Projects/Ping/GatewayService/src/utils/handlers/ErrorResponse.js:21:14)\n    at file:///D:/Brocamp/Projects/Ping/GatewayService/src/controller/routingS2CController.js:39:43","status":404,"timestamp":"2023-04-26 19:58:57"}
{"level":"info","message":"POST /api/v1/auth/register","service":"micro","timestamp":"2023-04-26 19:59:01"}
{"level":"error","message":{"cause":{"code":"UND_ERR_REQ_CONTENT_LENGTH_MISMATCH","message":"Request body length does not match content-length header","name":"RequestContentLengthMismatchError"}},"service":"micro","stack":"Error: TypeError: fetch failed\n    at ErrorResponse.notFound (file:///D:/Brocamp/Projects/Ping/GatewayService/src/utils/handlers/ErrorResponse.js:21:14)\n    at file:///D:/Brocamp/Projects/Ping/GatewayService/src/controller/routingS2CController.js:39:43","status":404,"timestamp":"2023-04-26 19:59:01"}
{"level":"info","message":"POST /api/v1/auth/register","service":"micro","timestamp":"2023-04-26 20:01:30"}
{"level":"info","message":"POST /api/v1/auth/register","service":"micro","timestamp":"2023-04-26 20:02:12"}
{"level":"info","message":"POST /api/v1/auth/register","service":"micro","timestamp":"2023-04-26 20:02:23"}
{"level":"info","message":"POST /api/v1/auth/register","service":"micro","timestamp":"2023-04-26 20:04:10"}
{"level":"error","message":{"code":"ECONNREFUSED","config":{"adapter":["xhr","http"],"data":"{\"fullname\":\"Sample\",\"email\":\"sample238@gmail.com\",\"password\":\"Ad123sg\"}","env":{},"headers":{"Accept":"*/*","Content-Type":"application/json","accept-encoding":"gzip, deflate, br","authorization":"Basic YXV0aHVzZXJuYW06YXV0aHBhc3N3b3Jk","connection":"close","content-length":"85","host":"localhost:5000","user-agent":"Thunder Client (https://www.thunderclient.com)"},"maxBodyLength":-1,"maxContentLength":-1,"method":"post","timeout":0,"transformRequest":[null],"transformResponse":[null],"transitional":{"clarifyTimeoutError":false,"forcedJSONParsing":true,"silentJSONParsing":true},"url":"?undefined","xsrfCookieName":"XSRF-TOKEN","xsrfHeaderName":"X-XSRF-TOKEN"},"message":"connect ECONNREFUSED ::1:80","name":"Error","stack":"Error: connect ECONNREFUSED ::1:80\n    at AxiosError.from (file:///D:/Brocamp/Projects/Ping/GatewayService/node_modules/axios/lib/core/AxiosError.js:89:14)\n    at RedirectableRequest.handleRequestError (file:///D:/Brocamp/Projects/Ping/GatewayService/node_modules/axios/lib/adapters/http.js:577:25)\n    at RedirectableRequest.emit (node:events:513:28)\n    at eventHandlers.<computed> (D:\\Brocamp\\Projects\\Ping\\GatewayService\\node_modules\\follow-redirects\\index.js:14:24)\n    at ClientRequest.emit (node:events:513:28)\n    at Socket.socketErrorListener (node:_http_client:502:9)\n    at Socket.emit (node:events:513:28)\n    at emitErrorNT (node:internal/streams/destroy:151:8)\n    at emitErrorCloseNT (node:internal/streams/destroy:116:3)\n    at process.processTicksAndRejections (node:internal/process/task_queues:82:21)","status":null},"service":"micro","stack":"Error: Error: connect ECONNREFUSED ::1:80\n    at ErrorResponse.notFound (file:///D:/Brocamp/Projects/Ping/GatewayService/src/utils/handlers/ErrorResponse.js:21:14)\n    at file:///D:/Brocamp/Projects/Ping/GatewayService/src/controller/routingS2CController.js:22:39\n    at process.processTicksAndRejections (node:internal/process/task_queues:95:5)","status":404,"timestamp":"2023-04-26 20:04:10"}
{"level":"info","message":"POST /api/v1/auth/register","service":"micro","timestamp":"2023-04-26 20:05:19"}
{"level":"info","message":"POST /api/v1/auth/register","service":"micro","timestamp":"2023-04-26 20:05:33"}
{"level":"info","message":"POST /api/v1/auth/register","service":"micro","timestamp":"2023-04-26 20:05:50"}
{"level":"info","message":"POST /api/v1/auth/register","service":"micro","timestamp":"2023-04-26 20:05:51"}
{"level":"info","message":"POST /api/v1/auth/register","service":"micro","timestamp":"2023-04-26 20:05:52"}
{"level":"info","message":"POST /api/v1/auth/register","service":"micro","timestamp":"2023-04-26 20:05:54"}
{"level":"info","message":"POST /api/v1/auth/register","service":"micro","timestamp":"2023-04-26 20:06:40"}
{"level":"info","message":"POST /api/v1/auth/register","service":"micro","timestamp":"2023-04-26 20:06:43"}
{"level":"info","message":"POST /api/v1/auth/register","service":"micro","timestamp":"2023-04-26 20:14:03"}
{"level":"info","message":"POST /api/v1/auth/register","service":"micro","timestamp":"2023-04-26 20:15:20"}
{"level":"info","message":"POST /api/v1/auth/register","service":"micro","timestamp":"2023-04-26 20:15:42"}
{"level":"info","message":"POST /api/v1/auth/register","service":"micro","timestamp":"2023-04-26 20:15:55"}
{"level":"error","message":"baseUrl is not defined","service":"micro","stack":"ReferenceError: baseUrl is not defined\n    at routeAll (file:///D:/Brocamp/Projects/Ping/GatewayService/src/controller/routingS2CController.js:13:21)\n    at Layer.handle [as handle_request] (D:\\Brocamp\\Projects\\Ping\\GatewayService\\node_modules\\express\\lib\\router\\layer.js:95:5)\n    at next (D:\\Brocamp\\Projects\\Ping\\GatewayService\\node_modules\\express\\lib\\router\\route.js:144:13)\n    at file:///D:/Brocamp/Projects/Ping/GatewayService/node_modules/express-rate-limit/dist/index.mjs:216:7\n    at process.processTicksAndRejections (node:internal/process/task_queues:95:5)\n    at async file:///D:/Brocamp/Projects/Ping/GatewayService/node_modules/express-rate-limit/dist/index.mjs:124:5","timestamp":"2023-04-26 20:15:55"}
{"level":"info","message":"POST /api/v1/auth/register","service":"micro","timestamp":"2023-04-26 20:15:58"}
{"level":"error","message":"baseUrl is not defined","service":"micro","stack":"ReferenceError: baseUrl is not defined\n    at routeAll (file:///D:/Brocamp/Projects/Ping/GatewayService/src/controller/routingS2CController.js:13:21)\n    at Layer.handle [as handle_request] (D:\\Brocamp\\Projects\\Ping\\GatewayService\\node_modules\\express\\lib\\router\\layer.js:95:5)\n    at next (D:\\Brocamp\\Projects\\Ping\\GatewayService\\node_modules\\express\\lib\\router\\route.js:144:13)\n    at file:///D:/Brocamp/Projects/Ping/GatewayService/node_modules/express-rate-limit/dist/index.mjs:216:7\n    at process.processTicksAndRejections (node:internal/process/task_queues:95:5)\n    at async file:///D:/Brocamp/Projects/Ping/GatewayService/node_modules/express-rate-limit/dist/index.mjs:124:5","timestamp":"2023-04-26 20:15:58"}
{"level":"info","message":"POST /api/v1/auth/register","service":"micro","timestamp":"2023-04-26 20:15:59"}
{"level":"error","message":"baseUrl is not defined","service":"micro","stack":"ReferenceError: baseUrl is not defined\n    at routeAll (file:///D:/Brocamp/Projects/Ping/GatewayService/src/controller/routingS2CController.js:13:21)\n    at Layer.handle [as handle_request] (D:\\Brocamp\\Projects\\Ping\\GatewayService\\node_modules\\express\\lib\\router\\layer.js:95:5)\n    at next (D:\\Brocamp\\Projects\\Ping\\GatewayService\\node_modules\\express\\lib\\router\\route.js:144:13)\n    at file:///D:/Brocamp/Projects/Ping/GatewayService/node_modules/express-rate-limit/dist/index.mjs:216:7\n    at process.processTicksAndRejections (node:internal/process/task_queues:95:5)\n    at async file:///D:/Brocamp/Projects/Ping/GatewayService/node_modules/express-rate-limit/dist/index.mjs:124:5","timestamp":"2023-04-26 20:15:59"}
